{
  "RSpec": {
    "coverage": {
      "/Users/melanieanderson/Documents/Projects/bank_tech_test/spec/bank_spec.rb": {
        "lines": [
          null,
          null,
          1,
          null,
          1,
          1,
          1,
          null,
          null,
          1,
          1,
          null,
          null,
          1,
          1,
          1,
          1,
          null,
          null,
          null,
          1,
          1,
          1,
          null,
          null,
          1,
          1,
          1,
          null,
          null,
          null,
          1,
          1,
          1,
          1,
          null,
          null,
          1,
          2,
          null,
          null,
          1,
          1,
          1,
          1,
          null,
          null,
          null,
          1,
          1,
          null,
          null,
          1,
          1,
          1,
          1,
          null,
          null,
          1,
          1,
          1,
          null,
          null,
          1,
          1,
          1,
          1,
          null,
          null,
          null
        ]
      },
      "/Users/melanieanderson/Documents/Projects/bank_tech_test/lib/bank.rb": {
        "lines": [
          null,
          null,
          null,
          1,
          1,
          null,
          1,
          12,
          12,
          12,
          12,
          null,
          null,
          1,
          11,
          11,
          11,
          11,
          11,
          null,
          null,
          1,
          8,
          8,
          8,
          8,
          8,
          null,
          null,
          1,
          4,
          null,
          3,
          3,
          3,
          3,
          3,
          null,
          null,
          1,
          3,
          3,
          null,
          null,
          1,
          3,
          3,
          4,
          null,
          null,
          null,
          1,
          4,
          4,
          4,
          null,
          null,
          1,
          null,
          1,
          8,
          8,
          null,
          null,
          1,
          3,
          3,
          null,
          null,
          null
        ]
      }
    },
    "timestamp": 1599561543
  }
}
